Using pre-set license
Built from '2021.3/staging' branch; Version is '2021.3.25f1 (68ef2c4f8861) revision 6876972'; Using compiler version '192829333'; Build Type 'Release'
OS: 'Windows 11  (10.0.22621) 64bit Enterprise' Language: 'es' Physical Memory: 8042 MB
BatchMode: 1, IsHumanControllingUs: 0, StartBugReporterOnCrash: 0, Is64bit: 1, IsPro: 1

COMMAND LINE ARGUMENTS:
E:\Videojuegos2\2021.3.25f1\Editor\Unity.exe
-adb2
-batchMode
-noUpm
-name
AssetImportWorker2
-projectPath
E:/Videojuegos2/RV/RV
-logFile
Logs/AssetImportWorker2.log
-srvPort
61164
Successfully changed project path to: E:/Videojuegos2/RV/RV
E:/Videojuegos2/RV/RV
[UnityMemory] Configuration Parameters - Can be set up in boot.config
    "memorysetup-bucket-allocator-granularity=16"
    "memorysetup-bucket-allocator-bucket-count=8"
    "memorysetup-bucket-allocator-block-size=33554432"
    "memorysetup-bucket-allocator-block-count=8"
    "memorysetup-main-allocator-block-size=16777216"
    "memorysetup-thread-allocator-block-size=16777216"
    "memorysetup-gfx-main-allocator-block-size=16777216"
    "memorysetup-gfx-thread-allocator-block-size=16777216"
    "memorysetup-cache-allocator-block-size=4194304"
    "memorysetup-typetree-allocator-block-size=2097152"
    "memorysetup-profiler-bucket-allocator-granularity=16"
    "memorysetup-profiler-bucket-allocator-bucket-count=8"
    "memorysetup-profiler-bucket-allocator-block-size=33554432"
    "memorysetup-profiler-bucket-allocator-block-count=8"
    "memorysetup-profiler-allocator-block-size=16777216"
    "memorysetup-profiler-editor-allocator-block-size=1048576"
    "memorysetup-temp-allocator-size-main=16777216"
    "memorysetup-job-temp-allocator-block-size=2097152"
    "memorysetup-job-temp-allocator-block-size-background=1048576"
    "memorysetup-job-temp-allocator-reduction-small-platforms=262144"
    "memorysetup-temp-allocator-size-background-worker=32768"
    "memorysetup-temp-allocator-size-job-worker=262144"
    "memorysetup-temp-allocator-size-preload-manager=33554432"
    "memorysetup-temp-allocator-size-nav-mesh-worker=65536"
    "memorysetup-temp-allocator-size-audio-worker=65536"
    "memorysetup-temp-allocator-size-cloud-worker=32768"
    "memorysetup-temp-allocator-size-gi-baking-worker=262144"
    "memorysetup-temp-allocator-size-gfx=262144"
Player connection [12840] Host "[IP] 192.168.1.78 [Port] 0 [Flags] 2 [Guid] 2014007247 [EditorId] 2014007247 [Version] 1048832 [Id] WindowsEditor(7,AreliLAPTOP) [Debug] 1 [PackageName] WindowsEditor [ProjectName] Editor" joined multi-casting on [225.0.0.222:54997]...

Player connection [12840] Host "[IP] 192.168.1.78 [Port] 0 [Flags] 2 [Guid] 2014007247 [EditorId] 2014007247 [Version] 1048832 [Id] WindowsEditor(7,AreliLAPTOP) [Debug] 1 [PackageName] WindowsEditor [ProjectName] Editor" joined alternative multi-casting on [225.0.0.222:34997]...

Refreshing native plugins compatible for Editor in 109.90 ms, found 3 plugins.
Preloading 0 native plugins for Editor in 0.00 ms.
Initialize engine version: 2021.3.25f1 (68ef2c4f8861)
[Subsystems] Discovering subsystems at path E:/Videojuegos2/2021.3.25f1/Editor/Data/Resources/UnitySubsystems
[Subsystems] Discovering subsystems at path E:/Videojuegos2/RV/RV/Assets
GfxDevice: creating device client; threaded=0; jobified=0
Direct3D:
    Version:  Direct3D 11.0 [level 11.1]
    Renderer: Intel(R) UHD Graphics 620 (ID=0x3ea0)
    Vendor:   Intel
    VRAM:     4021 MB
    Driver:   25.20.100.6519
Initialize mono
Mono path[0] = 'E:/Videojuegos2/2021.3.25f1/Editor/Data/Managed'
Mono path[1] = 'E:/Videojuegos2/2021.3.25f1/Editor/Data/MonoBleedingEdge/lib/mono/unityjit-win32'
Mono config path = 'E:/Videojuegos2/2021.3.25f1/Editor/Data/MonoBleedingEdge/etc'
Using monoOptions --debugger-agent=transport=dt_socket,embedding=1,server=y,suspend=n,address=127.0.0.1:56860
Begin MonoManager ReloadAssembly
Registering precompiled unity dll's ...
Register platform support module: E:/Videojuegos2/2021.3.25f1/Editor/Data/PlaybackEngines/AndroidPlayer/UnityEditor.Android.Extensions.dll
Register platform support module: E:/Videojuegos2/2021.3.25f1/Editor/Data/PlaybackEngines/WindowsStandaloneSupport/UnityEditor.WindowsStandalone.Extensions.dll
Registered in 0.003811 seconds.
Native extension for WindowsStandalone target not found
Native extension for Android target not found
Android Extension - Scanning For ADB Devices 490 ms
Refreshing native plugins compatible for Editor in 128.64 ms, found 3 plugins.
Preloading 0 native plugins for Editor in 0.00 ms.
Mono: successfully reloaded assembly
- Completed reload, in  1.419 seconds
Domain Reload Profiling:
	ReloadAssembly (1420ms)
		BeginReloadAssembly (100ms)
			ExecutionOrderSort (0ms)
			DisableScriptedObjects (0ms)
			BackupInstance (0ms)
			ReleaseScriptingObjects (0ms)
			CreateAndSetChildDomain (1ms)
		EndReloadAssembly (1206ms)
			LoadAssemblies (100ms)
			RebuildTransferFunctionScriptingTraits (0ms)
			SetupTypeCache (137ms)
			ReleaseScriptCaches (0ms)
			RebuildScriptCaches (41ms)
			SetupLoadedEditorAssemblies (970ms)
				LogAssemblyErrors (0ms)
				InitializePlatformSupportModulesInManaged (625ms)
				SetLoadedEditorAssemblies (0ms)
				RefreshPlugins (129ms)
				BeforeProcessingInitializeOnLoad (2ms)
				ProcessInitializeOnLoadAttributes (151ms)
				ProcessInitializeOnLoadMethodAttributes (62ms)
				AfterProcessingInitializeOnLoad (0ms)
				EditorAssembliesLoaded (0ms)
			ExecutionOrderSort2 (0ms)
			AwakeInstancesAfterBackupRestoration (0ms)
Platform modules already initialized, skipping
Registering precompiled user dll's ...
Registered in 0.006442 seconds.
Begin MonoManager ReloadAssembly
Symbol file LoadedFromMemory doesn't match image E:\Videojuegos2\RV\RV\Library\PackageCache\com.unity.visualscripting@1.8.0\Editor\VisualScripting.Core\Dependencies\YamlDotNet\Unity.VisualScripting.YamlDotNet.dll
Symbol file LoadedFromMemory doesn't match image E:\Videojuegos2\RV\RV\Library\PackageCache\com.unity.visualscripting@1.8.0\Editor\VisualScripting.Core\Dependencies\DotNetZip\Unity.VisualScripting.IonicZip.dll
Native extension for WindowsStandalone target not found
Native extension for Android target not found
Refreshing native plugins compatible for Editor in 1.47 ms, found 3 plugins.
Preloading 0 native plugins for Editor in 0.00 ms.
Package Manager log level set to [2]
Mono: successfully reloaded assembly
- Completed reload, in  4.533 seconds
Domain Reload Profiling:
	ReloadAssembly (4534ms)
		BeginReloadAssembly (227ms)
			ExecutionOrderSort (0ms)
			DisableScriptedObjects (16ms)
			BackupInstance (0ms)
			ReleaseScriptingObjects (0ms)
			CreateAndSetChildDomain (41ms)
		EndReloadAssembly (4033ms)
			LoadAssemblies (2443ms)
			RebuildTransferFunctionScriptingTraits (0ms)
			SetupTypeCache (671ms)
			ReleaseScriptCaches (1ms)
			RebuildScriptCaches (120ms)
			SetupLoadedEditorAssemblies (729ms)
				LogAssemblyErrors (0ms)
				InitializePlatformSupportModulesInManaged (35ms)
				SetLoadedEditorAssemblies (1ms)
				RefreshPlugins (2ms)
				BeforeProcessingInitializeOnLoad (210ms)
				ProcessInitializeOnLoadAttributes (453ms)
				ProcessInitializeOnLoadMethodAttributes (25ms)
				AfterProcessingInitializeOnLoad (3ms)
				EditorAssembliesLoaded (0ms)
			ExecutionOrderSort2 (0ms)
			AwakeInstancesAfterBackupRestoration (10ms)
Platform modules already initialized, skipping
========================================================================
Worker process is ready to serve import requests
Launched and connected shader compiler UnityShaderCompiler.exe after 0.37 seconds
Refreshing native plugins compatible for Editor in 2.91 ms, found 3 plugins.
Preloading 0 native plugins for Editor in 0.00 ms.
Unloading 3143 Unused Serialized files (Serialized files now loaded: 0)
Unloading 23 unused Assets / (290.2 KB). Loaded Objects now: 3643.
Memory consumption went from 196.9 MB to 196.6 MB.
Total: 6.742300 ms (FindLiveObjects: 0.357200 ms CreateObjectMapping: 0.310600 ms MarkObjects: 5.936900 ms  DeleteObjects: 0.136100 ms)

AssetImportParameters requested are different than current active one (requested -> active):
  custom:video-decoder-ogg-theora: a1e56fd34408186e4bbccfd4996cb3dc -> 
  custom:container-muxer-webm: aa71ff27fc2769a1b78a27578f13a17b -> 
  custom:container-demuxer-webm: 4f35f7cbe854078d1ac9338744f61a02 -> 
  custom:video-encoder-webm-vp8: eb34c28f22e8b96e1ab97ce403110664 -> 
  custom:audio-encoder-webm-vorbis: bf7c407c2cedff20999df2af8eb42d56 -> 
  custom:framework-win-MediaFoundation: 216162199b28c13a410421893ffa2e32 -> 
  custom:container-demuxer-ogg: 62fdf1f143b41e24485cea50d1cbac27 -> 
  custom:video-decoder-webm-vp8: 9c59270c3fd7afecdb556c50c9e8de78 -> 
  custom:audio-decoder-ogg-vorbis: bf7c407c2cedff20999df2af8eb42d56 -> 
========================================================================
Received Import Request.
  Time since last request: 329296.509630 seconds.
  path: Assets/Materials/3.png
  artifactKey: Guid(424312785ab3d4b4d82d5261e718d1ee) Importer(815301076,1909f56bfc062723c751e8b465ee728b)
Start importing Assets/Materials/3.png using Guid(424312785ab3d4b4d82d5261e718d1ee) Importer(815301076,1909f56bfc062723c751e8b465ee728b)  -> (artifact id: 'aa7d7a611883c9fe5870382071cefae2') in 0.390075 seconds 
========================================================================
Received Import Request.
  Time since last request: 0.000070 seconds.
  path: Assets/Materials/2.jpeg
  artifactKey: Guid(a79185056bac6bb42a63c479feb8245c) Importer(815301076,1909f56bfc062723c751e8b465ee728b)
Start importing Assets/Materials/2.jpeg using Guid(a79185056bac6bb42a63c479feb8245c) Importer(815301076,1909f56bfc062723c751e8b465ee728b)  -> (artifact id: '1638baf4dc9df7e9c8b5458942069fb2') in 0.107482 seconds 
========================================================================
Received Import Request.
  Time since last request: 0.000044 seconds.
  path: Assets/Materials/1.png
  artifactKey: Guid(1efd380b8a6947b4f882cdd6ca3fa13d) Importer(815301076,1909f56bfc062723c751e8b465ee728b)
Start importing Assets/Materials/1.png using Guid(1efd380b8a6947b4f882cdd6ca3fa13d) Importer(815301076,1909f56bfc062723c751e8b465ee728b)  -> (artifact id: '0b540f7e5448bf84377c30c340e7c3dc') in 0.072048 seconds 
========================================================================
Received Import Request.
  Time since last request: 71.137763 seconds.
  path: Packages/com.google.xr.cardboard/Runtime/Google.XR.Cardboard.asmdef
  artifactKey: Guid(2f52f0b6cfdc94464bcc067a11c8e1b6) Importer(815301076,1909f56bfc062723c751e8b465ee728b)
Start importing Packages/com.google.xr.cardboard/Runtime/Google.XR.Cardboard.asmdef using Guid(2f52f0b6cfdc94464bcc067a11c8e1b6) Importer(815301076,1909f56bfc062723c751e8b465ee728b)  -> (artifact id: '9f12bebe2f19d25d1479445bbd3173c2') in 0.053866 seconds 
========================================================================
Received Import Request.
  Time since last request: 1.450792 seconds.
  path: Packages/com.google.xr.cardboard/Runtime/CardboardReticlePointer.cs
  artifactKey: Guid(87cbd69796f9a45488488dbe3af82274) Importer(815301076,1909f56bfc062723c751e8b465ee728b)
Start importing Packages/com.google.xr.cardboard/Runtime/CardboardReticlePointer.cs using Guid(87cbd69796f9a45488488dbe3af82274) Importer(815301076,1909f56bfc062723c751e8b465ee728b)  -> (artifact id: '8f128034d7c42fb63e4b291f2817aa4c') in 0.032261 seconds 
========================================================================
Received Prepare
Registering precompiled user dll's ...
Registered in 0.005859 seconds.
Begin MonoManager ReloadAssembly
Symbol file LoadedFromMemory doesn't match image E:\Videojuegos2\RV\RV\Library\PackageCache\com.unity.visualscripting@1.8.0\Editor\VisualScripting.Core\Dependencies\YamlDotNet\Unity.VisualScripting.YamlDotNet.dll
Symbol file LoadedFromMemory doesn't match image E:\Videojuegos2\RV\RV\Library\PackageCache\com.unity.visualscripting@1.8.0\Editor\VisualScripting.Core\Dependencies\DotNetZip\Unity.VisualScripting.IonicZip.dll
Native extension for WindowsStandalone target not found
Native extension for Android target not found
Refreshing native plugins compatible for Editor in 0.68 ms, found 3 plugins.
Preloading 0 native plugins for Editor in 0.00 ms.
Mono: successfully reloaded assembly
- Completed reload, in  1.517 seconds
Domain Reload Profiling:
	ReloadAssembly (1519ms)
		BeginReloadAssembly (210ms)
			ExecutionOrderSort (0ms)
			DisableScriptedObjects (6ms)
			BackupInstance (0ms)
			ReleaseScriptingObjects (0ms)
			CreateAndSetChildDomain (47ms)
		EndReloadAssembly (1135ms)
			LoadAssemblies (142ms)
			RebuildTransferFunctionScriptingTraits (0ms)
			SetupTypeCache (350ms)
			ReleaseScriptCaches (1ms)
			RebuildScriptCaches (61ms)
			SetupLoadedEditorAssemblies (543ms)
				LogAssemblyErrors (0ms)
				InitializePlatformSupportModulesInManaged (27ms)
				SetLoadedEditorAssemblies (1ms)
				RefreshPlugins (1ms)
				BeforeProcessingInitializeOnLoad (113ms)
				ProcessInitializeOnLoadAttributes (372ms)
				ProcessInitializeOnLoadMethodAttributes (27ms)
				AfterProcessingInitializeOnLoad (3ms)
				EditorAssembliesLoaded (0ms)
			ExecutionOrderSort2 (0ms)
			AwakeInstancesAfterBackupRestoration (11ms)
Platform modules already initialized, skipping
Refreshing native plugins compatible for Editor in 3.82 ms, found 3 plugins.
Preloading 0 native plugins for Editor in 0.00 ms.
Unloading 3186 Unused Serialized files (Serialized files now loaded: 0)
Unloading 16 unused Assets / (54.6 KB). Loaded Objects now: 3705.
Memory consumption went from 199.5 MB to 199.5 MB.
Total: 8.783300 ms (FindLiveObjects: 0.762100 ms CreateObjectMapping: 1.247800 ms MarkObjects: 6.653100 ms  DeleteObjects: 0.118300 ms)

AssetImportParameters requested are different than current active one (requested -> active):
  custom:video-decoder-ogg-theora: a1e56fd34408186e4bbccfd4996cb3dc -> 
  custom:container-muxer-webm: aa71ff27fc2769a1b78a27578f13a17b -> 
  custom:container-demuxer-webm: 4f35f7cbe854078d1ac9338744f61a02 -> 
  custom:video-encoder-webm-vp8: eb34c28f22e8b96e1ab97ce403110664 -> 
  custom:audio-encoder-webm-vorbis: bf7c407c2cedff20999df2af8eb42d56 -> 
  custom:framework-win-MediaFoundation: 216162199b28c13a410421893ffa2e32 -> 
  custom:container-demuxer-ogg: 62fdf1f143b41e24485cea50d1cbac27 -> 
  custom:video-decoder-webm-vp8: 9c59270c3fd7afecdb556c50c9e8de78 -> 
  custom:audio-decoder-ogg-vorbis: bf7c407c2cedff20999df2af8eb42d56 -> 
========================================================================
Received Import Request.
  Time since last request: 304.451381 seconds.
  path: Assets/Plugins/Editor/ScriptInspector3/EditorResources/Smooth Fonts/SourceCodePro-Semibold.otf
  artifactKey: Guid(62ab3d81a332e044aa16ef6cd2a25951) Importer(815301076,1909f56bfc062723c751e8b465ee728b)
Start importing Assets/Plugins/Editor/ScriptInspector3/EditorResources/Smooth Fonts/SourceCodePro-Semibold.otf using Guid(62ab3d81a332e044aa16ef6cd2a25951) Importer(815301076,1909f56bfc062723c751e8b465ee728b)  -> (artifact id: '9d1878430464a546c9c93e992c562697') in 1.190416 seconds 
========================================================================
Received Import Request.
  Time since last request: 0.000043 seconds.
  path: Assets/Materials/Materials/rural_asphalt_road_2k.mat
  artifactKey: Guid(2f762bef9dd9fa94ab411345ad8be974) Importer(815301076,1909f56bfc062723c751e8b465ee728b)
Start importing Assets/Materials/Materials/rural_asphalt_road_2k.mat using Guid(2f762bef9dd9fa94ab411345ad8be974) Importer(815301076,1909f56bfc062723c751e8b465ee728b)  -> (artifact id: '9cb5513a5d0a4af1016d62dcf6ef4ce2') in 0.056117 seconds 
========================================================================
Received Import Request.
  Time since last request: 0.000044 seconds.
  path: Assets/Plugins/Editor/ScriptInspector3/EditorResources/Fonts/DejaVu Sans Mono Bold.ttf
  artifactKey: Guid(c2bd47fa93fb94740b403fcb08f2b086) Importer(815301076,1909f56bfc062723c751e8b465ee728b)
Start importing Assets/Plugins/Editor/ScriptInspector3/EditorResources/Fonts/DejaVu Sans Mono Bold.ttf using Guid(c2bd47fa93fb94740b403fcb08f2b086) Importer(815301076,1909f56bfc062723c751e8b465ee728b)  -> (artifact id: '70f95d46f53041871449e1d7b888c7fe') in 0.035118 seconds 
========================================================================
Received Import Request.
  Time since last request: 0.000025 seconds.
  path: Assets/Plugins/Editor/ScriptInspector3/EditorResources/Smooth Fonts/SourceCodePro-Regular.otf
  artifactKey: Guid(70ea775584919ac40ab0e6876bcad647) Importer(815301076,1909f56bfc062723c751e8b465ee728b)
Start importing Assets/Plugins/Editor/ScriptInspector3/EditorResources/Smooth Fonts/SourceCodePro-Regular.otf using Guid(70ea775584919ac40ab0e6876bcad647) Importer(815301076,1909f56bfc062723c751e8b465ee728b)  -> (artifact id: '9bd078d313ded3e27ed52d6cbc77fc23') in 0.030159 seconds 
========================================================================
Received Import Request.
  Time since last request: 0.000020 seconds.
  path: Assets/Plugins/Editor/ScriptInspector3/EditorResources/Smooth Fonts/DejaVu Sans Mono.ttf
  artifactKey: Guid(9714d8baeb8cc6745981b27436bd07a1) Importer(815301076,1909f56bfc062723c751e8b465ee728b)
Start importing Assets/Plugins/Editor/ScriptInspector3/EditorResources/Smooth Fonts/DejaVu Sans Mono.ttf using Guid(9714d8baeb8cc6745981b27436bd07a1) Importer(815301076,1909f56bfc062723c751e8b465ee728b)  -> (artifact id: '907f8fee303c2515a6f75b6a1d411ef9') in 0.036678 seconds 
========================================================================
Received Import Request.
  Time since last request: 0.000123 seconds.
  path: Assets/Plugins/Editor/ScriptInspector3/EditorResources/Smooth Fonts/Inconsolata.otf
  artifactKey: Guid(93f0df04e28000e4d998db0ee8cc5877) Importer(815301076,1909f56bfc062723c751e8b465ee728b)
Start importing Assets/Plugins/Editor/ScriptInspector3/EditorResources/Smooth Fonts/Inconsolata.otf using Guid(93f0df04e28000e4d998db0ee8cc5877) Importer(815301076,1909f56bfc062723c751e8b465ee728b)  -> (artifact id: '417e5a3a64956661914a482eb4c8b921') in 0.046904 seconds 
========================================================================
Received Import Request.
  Time since last request: 0.000063 seconds.
  path: Assets/Plugins/Editor/ScriptInspector3/EditorResources/Fonts/DejaVu Sans Mono.ttf
  artifactKey: Guid(13cb619672fa24a8181c94d4c891329c) Importer(815301076,1909f56bfc062723c751e8b465ee728b)
Start importing Assets/Plugins/Editor/ScriptInspector3/EditorResources/Fonts/DejaVu Sans Mono.ttf using Guid(13cb619672fa24a8181c94d4c891329c) Importer(815301076,1909f56bfc062723c751e8b465ee728b)  -> (artifact id: '07215ca55330394c7b1f9689deefbcd3') in 0.036177 seconds 
========================================================================
Received Import Request.
  Time since last request: 0.000067 seconds.
  path: Assets/Materials/Materials/little_paris_eiffel_tower_2k.mat
  artifactKey: Guid(ed4954ceeb44196498c455af82686039) Importer(815301076,1909f56bfc062723c751e8b465ee728b)
Start importing Assets/Materials/Materials/little_paris_eiffel_tower_2k.mat using Guid(ed4954ceeb44196498c455af82686039) Importer(815301076,1909f56bfc062723c751e8b465ee728b)  -> (artifact id: '602be39c8626ca26db56e36d272730bf') in 0.094129 seconds 
========================================================================
Received Import Request.
  Time since last request: 0.000073 seconds.
  path: Assets/Plugins/Editor/ScriptInspector3/EditorResources/Smooth Fonts/DejaVu Sans Mono Bold.ttf
  artifactKey: Guid(3e9fc979480c815418fae055374df3ed) Importer(815301076,1909f56bfc062723c751e8b465ee728b)
Start importing Assets/Plugins/Editor/ScriptInspector3/EditorResources/Smooth Fonts/DejaVu Sans Mono Bold.ttf using Guid(3e9fc979480c815418fae055374df3ed) Importer(815301076,1909f56bfc062723c751e8b465ee728b)  -> (artifact id: 'e3adeee3e725f8b09e455781333a7579') in 0.031539 seconds 
========================================================================
Received Import Request.
  Time since last request: 0.000043 seconds.
  path: Assets/Plugins/Editor/ScriptInspector3/EditorResources/Smooth Fonts/Monaco.ttf
  artifactKey: Guid(3ce24cbeeae06e347a0c966628168416) Importer(815301076,1909f56bfc062723c751e8b465ee728b)
Start importing Assets/Plugins/Editor/ScriptInspector3/EditorResources/Smooth Fonts/Monaco.ttf using Guid(3ce24cbeeae06e347a0c966628168416) Importer(815301076,1909f56bfc062723c751e8b465ee728b)  -> (artifact id: '25b474eb2bc1ae40e04329a6456f32db') in 0.034878 seconds 
========================================================================
Received Import Request.
  Time since last request: 0.000270 seconds.
  path: Assets/Plugins/Editor/ScriptInspector3/EditorResources/Fonts/Inconsolata.otf
  artifactKey: Guid(00a06c0d1c7aac94b9ad4a2f169cfb54) Importer(815301076,1909f56bfc062723c751e8b465ee728b)
Start importing Assets/Plugins/Editor/ScriptInspector3/EditorResources/Fonts/Inconsolata.otf using Guid(00a06c0d1c7aac94b9ad4a2f169cfb54) Importer(815301076,1909f56bfc062723c751e8b465ee728b)  -> (artifact id: '708c084d90ad32659a521e8ca8ce936b') in 0.028946 seconds 
========================================================================
Received Import Request.
  Time since last request: 0.000050 seconds.
  path: Assets/Plugins/Editor/ScriptInspector3/EditorResources/Fonts/Monaco.ttf
  artifactKey: Guid(974b85e285f47a94aa988645647ff9c9) Importer(815301076,1909f56bfc062723c751e8b465ee728b)
Start importing Assets/Plugins/Editor/ScriptInspector3/EditorResources/Fonts/Monaco.ttf using Guid(974b85e285f47a94aa988645647ff9c9) Importer(815301076,1909f56bfc062723c751e8b465ee728b)  -> (artifact id: '53f412ba70902deccbf8a37ca50ecd3d') in 0.021410 seconds 
========================================================================
Received Import Request.
  Time since last request: 0.000034 seconds.
  path: Assets/Materials/Materials/rotes_rathaus_2k.mat
  artifactKey: Guid(8af2523d3f483094fa0623e9d2c6c3f9) Importer(815301076,1909f56bfc062723c751e8b465ee728b)
Start importing Assets/Materials/Materials/rotes_rathaus_2k.mat using Guid(8af2523d3f483094fa0623e9d2c6c3f9) Importer(815301076,1909f56bfc062723c751e8b465ee728b)  -> (artifact id: '5d5c6559150aaccc23e419620bb2d279') in 0.032190 seconds 
========================================================================
Received Import Request.
  Time since last request: 0.000046 seconds.
  path: Assets/Plugins/Editor/ScriptInspector3/EditorResources/Fonts/SourceCodePro-Regular.otf
  artifactKey: Guid(ad6ef108a66aa7a439bf72424a56b8d3) Importer(815301076,1909f56bfc062723c751e8b465ee728b)
Start importing Assets/Plugins/Editor/ScriptInspector3/EditorResources/Fonts/SourceCodePro-Regular.otf using Guid(ad6ef108a66aa7a439bf72424a56b8d3) Importer(815301076,1909f56bfc062723c751e8b465ee728b)  -> (artifact id: '0b26a0acf3580830ce74bfc3087c0c00') in 0.023993 seconds 
========================================================================
Received Import Request.
  Time since last request: 0.000037 seconds.
  path: Assets/Plugins/Editor/ScriptInspector3/EditorResources/Fonts/SourceCodePro-Semibold.otf
  artifactKey: Guid(02400354d5ec1b04f852f07c24feebcf) Importer(815301076,1909f56bfc062723c751e8b465ee728b)
Start importing Assets/Plugins/Editor/ScriptInspector3/EditorResources/Fonts/SourceCodePro-Semibold.otf using Guid(02400354d5ec1b04f852f07c24feebcf) Importer(815301076,1909f56bfc062723c751e8b465ee728b)  -> (artifact id: '962635d97444e60232dcfc5a1e7809ae') in 0.023515 seconds 
========================================================================
Received Import Request.
  Time since last request: 0.000064 seconds.
  path: Assets/Materials/Materials/meadow_2_8k.mat
  artifactKey: Guid(42c4dca830dfe5548bf7c5bf737c4417) Importer(815301076,1909f56bfc062723c751e8b465ee728b)
Start importing Assets/Materials/Materials/meadow_2_8k.mat using Guid(42c4dca830dfe5548bf7c5bf737c4417) Importer(815301076,1909f56bfc062723c751e8b465ee728b)  -> (artifact id: '6816760a24f3961c6cdfd3890727f205') in 0.067584 seconds 
========================================================================
Received Import Request.
  Time since last request: 63.065350 seconds.
  path: Assets/Audio/inicio.mp3
  artifactKey: Guid(a17d89c662846054e9d1d52b05688d09) Importer(815301076,1909f56bfc062723c751e8b465ee728b)
Start importing Assets/Audio/inicio.mp3 using Guid(a17d89c662846054e9d1d52b05688d09) Importer(815301076,1909f56bfc062723c751e8b465ee728b)  -> (artifact id: 'ef3690da011fac8b5be27a0c3888e0ad') in 0.123261 seconds 
========================================================================
Received Import Request.
  Time since last request: 0.000028 seconds.
  path: Assets/Audio/playa_2.mp3
  artifactKey: Guid(eacd28f7244b316449544982dc6f3558) Importer(815301076,1909f56bfc062723c751e8b465ee728b)
Start importing Assets/Audio/playa_2.mp3 using Guid(eacd28f7244b316449544982dc6f3558) Importer(815301076,1909f56bfc062723c751e8b465ee728b)  -> (artifact id: '8112ec39fe7ddb0442ac760c9f6f470e') in 0.035745 seconds 
========================================================================
Received Import Request.
  Time since last request: 0.000037 seconds.
  path: Assets/Audio/subte.mp3
  artifactKey: Guid(025f71acc717ba84db02cccea22e02cd) Importer(815301076,1909f56bfc062723c751e8b465ee728b)
Start importing Assets/Audio/subte.mp3 using Guid(025f71acc717ba84db02cccea22e02cd) Importer(815301076,1909f56bfc062723c751e8b465ee728b)  -> (artifact id: 'c05848ac8c3bdd06b645f49213dd36b1') in 0.025849 seconds 
========================================================================
Received Import Request.
  Time since last request: 27.075812 seconds.
  path: Assets/Samples/Google Cardboard XR Plugin for Unity/1.20.0/Hello Cardboard/Scripts/CardboardStartup.cs
  artifactKey: Guid(dd68f027e715c44aa8d097000d4cccfb) Importer(815301076,1909f56bfc062723c751e8b465ee728b)
Start importing Assets/Samples/Google Cardboard XR Plugin for Unity/1.20.0/Hello Cardboard/Scripts/CardboardStartup.cs using Guid(dd68f027e715c44aa8d097000d4cccfb) Importer(815301076,1909f56bfc062723c751e8b465ee728b)  -> (artifact id: '3962147b5c8037b36992399248dcaefd') in 0.044860 seconds 
========================================================================
Received Import Request.
  Time since last request: 6.721894 seconds.
  path: Assets/Samples/Google Cardboard XR Plugin for Unity/1.20.0/Hello Cardboard/Scripts/GraphicsAPITextController.cs
  artifactKey: Guid(a6e858f9314cf4903a8b6b60d93e3437) Importer(815301076,1909f56bfc062723c751e8b465ee728b)
Start importing Assets/Samples/Google Cardboard XR Plugin for Unity/1.20.0/Hello Cardboard/Scripts/GraphicsAPITextController.cs using Guid(a6e858f9314cf4903a8b6b60d93e3437) Importer(815301076,1909f56bfc062723c751e8b465ee728b)  -> (artifact id: '438a8c47373bf2b48245517e7b752785') in 0.026228 seconds 
========================================================================
Received Import Request.
  Time since last request: 6.922906 seconds.
  path: Assets/Samples/Google Cardboard XR Plugin for Unity/1.20.0/Hello Cardboard/Scripts/ObjectController.cs
  artifactKey: Guid(fb0fad8e3b2754aaeb18724ea18d2a3e) Importer(815301076,1909f56bfc062723c751e8b465ee728b)
Start importing Assets/Samples/Google Cardboard XR Plugin for Unity/1.20.0/Hello Cardboard/Scripts/ObjectController.cs using Guid(fb0fad8e3b2754aaeb18724ea18d2a3e) Importer(815301076,1909f56bfc062723c751e8b465ee728b)  -> (artifact id: 'e72b993a2c11d83b218952d8eb8aad3e') in 0.049771 seconds 
========================================================================
Received Import Request.
  Time since last request: 125.377479 seconds.
  path: Assets/Samples/Google Cardboard XR Plugin for Unity/1.20.0/Hello Cardboard/Scripts/ObjectController.cs
  artifactKey: Guid(fb0fad8e3b2754aaeb18724ea18d2a3e) Importer(815301076,1909f56bfc062723c751e8b465ee728b)
Start importing Assets/Samples/Google Cardboard XR Plugin for Unity/1.20.0/Hello Cardboard/Scripts/ObjectController.cs using Guid(fb0fad8e3b2754aaeb18724ea18d2a3e) Importer(815301076,1909f56bfc062723c751e8b465ee728b)  -> (artifact id: '48df5a73f3eb036fe9fd118703439323') in 0.011271 seconds 
========================================================================
Received Import Request.
  Time since last request: 25.294208 seconds.
  path: Assets/Samples/Google Cardboard XR Plugin for Unity/1.20.0/Hello Cardboard/Scripts/Sound.cs
  artifactKey: Guid(4a583886a6580274db7f01bc8af9385d) Importer(815301076,1909f56bfc062723c751e8b465ee728b)
Start importing Assets/Samples/Google Cardboard XR Plugin for Unity/1.20.0/Hello Cardboard/Scripts/Sound.cs using Guid(4a583886a6580274db7f01bc8af9385d) Importer(815301076,1909f56bfc062723c751e8b465ee728b)  -> (artifact id: 'ae9ba5c2c17d397617cb36ae9217a02b') in 0.034469 seconds 
========================================================================
Received Import Request.
  Time since last request: 3.103565 seconds.
  path: Assets/Samples/Google Cardboard XR Plugin for Unity/1.20.0/Hello Cardboard/Scripts/Sound.cs
  artifactKey: Guid(4a583886a6580274db7f01bc8af9385d) Importer(815301076,1909f56bfc062723c751e8b465ee728b)
Start importing Assets/Samples/Google Cardboard XR Plugin for Unity/1.20.0/Hello Cardboard/Scripts/Sound.cs using Guid(4a583886a6580274db7f01bc8af9385d) Importer(815301076,1909f56bfc062723c751e8b465ee728b)  -> (artifact id: '8e9dca3d27de63a2dae31c1730eb0a13') in 0.017975 seconds 
========================================================================
Received Import Request.
  Time since last request: 49.631894 seconds.
  path: Assets/Samples/Google Cardboard XR Plugin for Unity/1.20.0/Hello Cardboard/Scripts/VrModeController.cs
  artifactKey: Guid(f478d43f27e324b7199d5dccff4298b7) Importer(815301076,1909f56bfc062723c751e8b465ee728b)
Start importing Assets/Samples/Google Cardboard XR Plugin for Unity/1.20.0/Hello Cardboard/Scripts/VrModeController.cs using Guid(f478d43f27e324b7199d5dccff4298b7) Importer(815301076,1909f56bfc062723c751e8b465ee728b)  -> (artifact id: '0faa0f169dc782ad10e31f8c31e9e943') in 0.011494 seconds 
========================================================================
Received Import Request.
  Time since last request: 54.305811 seconds.
  path: Assets/Samples/Google Cardboard XR Plugin for Unity/1.20.0/Hello Cardboard/Scripts/GraphicsAPITextController.cs
  artifactKey: Guid(a6e858f9314cf4903a8b6b60d93e3437) Importer(815301076,1909f56bfc062723c751e8b465ee728b)
Start importing Assets/Samples/Google Cardboard XR Plugin for Unity/1.20.0/Hello Cardboard/Scripts/GraphicsAPITextController.cs using Guid(a6e858f9314cf4903a8b6b60d93e3437) Importer(815301076,1909f56bfc062723c751e8b465ee728b)  -> (artifact id: '1ae49477b93f5377f15157492dadc96b') in 0.035342 seconds 
========================================================================
Received Prepare
Registering precompiled user dll's ...
Registered in 0.005477 seconds.
Begin MonoManager ReloadAssembly
Symbol file LoadedFromMemory doesn't match image E:\Videojuegos2\RV\RV\Library\PackageCache\com.unity.visualscripting@1.8.0\Editor\VisualScripting.Core\Dependencies\YamlDotNet\Unity.VisualScripting.YamlDotNet.dll
Symbol file LoadedFromMemory doesn't match image E:\Videojuegos2\RV\RV\Library\PackageCache\com.unity.visualscripting@1.8.0\Editor\VisualScripting.Core\Dependencies\DotNetZip\Unity.VisualScripting.IonicZip.dll
Native extension for WindowsStandalone target not found
Native extension for Android target not found
Refreshing native plugins compatible for Editor in 0.99 ms, found 3 plugins.
Preloading 0 native plugins for Editor in 0.00 ms.
Mono: successfully reloaded assembly
- Completed reload, in  1.730 seconds
Domain Reload Profiling:
	ReloadAssembly (1731ms)
		BeginReloadAssembly (315ms)
			ExecutionOrderSort (0ms)
			DisableScriptedObjects (15ms)
			BackupInstance (0ms)
			ReleaseScriptingObjects (0ms)
			CreateAndSetChildDomain (81ms)
		EndReloadAssembly (1179ms)
			LoadAssemblies (206ms)
			RebuildTransferFunctionScriptingTraits (0ms)
			SetupTypeCache (423ms)
			ReleaseScriptCaches (1ms)
			RebuildScriptCaches (59ms)
			SetupLoadedEditorAssemblies (499ms)
				LogAssemblyErrors (0ms)
				InitializePlatformSupportModulesInManaged (36ms)
				SetLoadedEditorAssemblies (1ms)
				RefreshPlugins (1ms)
				BeforeProcessingInitializeOnLoad (87ms)
				ProcessInitializeOnLoadAttributes (338ms)
				ProcessInitializeOnLoadMethodAttributes (32ms)
				AfterProcessingInitializeOnLoad (4ms)
				EditorAssembliesLoaded (0ms)
			ExecutionOrderSort2 (0ms)
			AwakeInstancesAfterBackupRestoration (12ms)
Platform modules already initialized, skipping
Refreshing native plugins compatible for Editor in 2.62 ms, found 3 plugins.
Preloading 0 native plugins for Editor in 0.00 ms.
Unloading 3187 Unused Serialized files (Serialized files now loaded: 0)
Unloading 16 unused Assets / (54.6 KB). Loaded Objects now: 3755.
Memory consumption went from 200.1 MB to 200.1 MB.
Total: 60.735800 ms (FindLiveObjects: 0.423800 ms CreateObjectMapping: 0.365400 ms MarkObjects: 59.825500 ms  DeleteObjects: 0.119300 ms)

AssetImportParameters requested are different than current active one (requested -> active):
  custom:video-decoder-ogg-theora: a1e56fd34408186e4bbccfd4996cb3dc -> 
  custom:container-muxer-webm: aa71ff27fc2769a1b78a27578f13a17b -> 
  custom:container-demuxer-webm: 4f35f7cbe854078d1ac9338744f61a02 -> 
  custom:video-encoder-webm-vp8: eb34c28f22e8b96e1ab97ce403110664 -> 
  custom:audio-encoder-webm-vorbis: bf7c407c2cedff20999df2af8eb42d56 -> 
  custom:framework-win-MediaFoundation: 216162199b28c13a410421893ffa2e32 -> 
  custom:container-demuxer-ogg: 62fdf1f143b41e24485cea50d1cbac27 -> 
  custom:video-decoder-webm-vp8: 9c59270c3fd7afecdb556c50c9e8de78 -> 
  custom:audio-decoder-ogg-vorbis: bf7c407c2cedff20999df2af8eb42d56 -> 
========================================================================
Received Prepare
Registering precompiled user dll's ...
Registered in 0.008260 seconds.
Begin MonoManager ReloadAssembly
Symbol file LoadedFromMemory doesn't match image E:\Videojuegos2\RV\RV\Library\PackageCache\com.unity.visualscripting@1.8.0\Editor\VisualScripting.Core\Dependencies\YamlDotNet\Unity.VisualScripting.YamlDotNet.dll
Symbol file LoadedFromMemory doesn't match image E:\Videojuegos2\RV\RV\Library\PackageCache\com.unity.visualscripting@1.8.0\Editor\VisualScripting.Core\Dependencies\DotNetZip\Unity.VisualScripting.IonicZip.dll
Native extension for WindowsStandalone target not found
Native extension for Android target not found
Refreshing native plugins compatible for Editor in 0.63 ms, found 3 plugins.
Preloading 0 native plugins for Editor in 0.00 ms.
Mono: successfully reloaded assembly
- Completed reload, in  1.351 seconds
Domain Reload Profiling:
	ReloadAssembly (1352ms)
		BeginReloadAssembly (153ms)
			ExecutionOrderSort (0ms)
			DisableScriptedObjects (6ms)
			BackupInstance (0ms)
			ReleaseScriptingObjects (0ms)
			CreateAndSetChildDomain (42ms)
		EndReloadAssembly (1101ms)
			LoadAssemblies (99ms)
			RebuildTransferFunctionScriptingTraits (0ms)
			SetupTypeCache (329ms)
			ReleaseScriptCaches (1ms)
			RebuildScriptCaches (55ms)
			SetupLoadedEditorAssemblies (533ms)
				LogAssemblyErrors (0ms)
				InitializePlatformSupportModulesInManaged (34ms)
				SetLoadedEditorAssemblies (1ms)
				RefreshPlugins (2ms)
				BeforeProcessingInitializeOnLoad (80ms)
				ProcessInitializeOnLoadAttributes (367ms)
				ProcessInitializeOnLoadMethodAttributes (44ms)
				AfterProcessingInitializeOnLoad (4ms)
				EditorAssembliesLoaded (0ms)
			ExecutionOrderSort2 (0ms)
			AwakeInstancesAfterBackupRestoration (18ms)
Platform modules already initialized, skipping
Refreshing native plugins compatible for Editor in 3.86 ms, found 3 plugins.
Preloading 0 native plugins for Editor in 0.00 ms.
Unloading 3187 Unused Serialized files (Serialized files now loaded: 0)
Unloading 16 unused Assets / (54.7 KB). Loaded Objects now: 3759.
Memory consumption went from 200.1 MB to 200.1 MB.
Total: 6.229400 ms (FindLiveObjects: 0.448800 ms CreateObjectMapping: 0.506000 ms MarkObjects: 5.139300 ms  DeleteObjects: 0.133900 ms)

AssetImportParameters requested are different than current active one (requested -> active):
  custom:video-decoder-ogg-theora: a1e56fd34408186e4bbccfd4996cb3dc -> 
  custom:container-muxer-webm: aa71ff27fc2769a1b78a27578f13a17b -> 
  custom:container-demuxer-webm: 4f35f7cbe854078d1ac9338744f61a02 -> 
  custom:video-encoder-webm-vp8: eb34c28f22e8b96e1ab97ce403110664 -> 
  custom:audio-encoder-webm-vorbis: bf7c407c2cedff20999df2af8eb42d56 -> 
  custom:framework-win-MediaFoundation: 216162199b28c13a410421893ffa2e32 -> 
  custom:container-demuxer-ogg: 62fdf1f143b41e24485cea50d1cbac27 -> 
  custom:video-decoder-webm-vp8: 9c59270c3fd7afecdb556c50c9e8de78 -> 
  custom:audio-decoder-ogg-vorbis: bf7c407c2cedff20999df2af8eb42d56 -> 
========================================================================
Received Prepare
Registering precompiled user dll's ...
Registered in 0.008597 seconds.
Begin MonoManager ReloadAssembly
Symbol file LoadedFromMemory doesn't match image E:\Videojuegos2\RV\RV\Library\PackageCache\com.unity.visualscripting@1.8.0\Editor\VisualScripting.Core\Dependencies\YamlDotNet\Unity.VisualScripting.YamlDotNet.dll
Symbol file LoadedFromMemory doesn't match image E:\Videojuegos2\RV\RV\Library\PackageCache\com.unity.visualscripting@1.8.0\Editor\VisualScripting.Core\Dependencies\DotNetZip\Unity.VisualScripting.IonicZip.dll
Native extension for WindowsStandalone target not found
Native extension for Android target not found
Refreshing native plugins compatible for Editor in 0.58 ms, found 3 plugins.
Preloading 0 native plugins for Editor in 0.00 ms.
Mono: successfully reloaded assembly
- Completed reload, in  1.256 seconds
Domain Reload Profiling:
	ReloadAssembly (1257ms)
		BeginReloadAssembly (165ms)
			ExecutionOrderSort (0ms)
			DisableScriptedObjects (6ms)
			BackupInstance (0ms)
			ReleaseScriptingObjects (0ms)
			CreateAndSetChildDomain (43ms)
		EndReloadAssembly (982ms)
			LoadAssemblies (115ms)
			RebuildTransferFunctionScriptingTraits (0ms)
			SetupTypeCache (362ms)
			ReleaseScriptCaches (1ms)
			RebuildScriptCaches (64ms)
			SetupLoadedEditorAssemblies (392ms)
				LogAssemblyErrors (0ms)
				InitializePlatformSupportModulesInManaged (25ms)
				SetLoadedEditorAssemblies (0ms)
				RefreshPlugins (1ms)
				BeforeProcessingInitializeOnLoad (79ms)
				ProcessInitializeOnLoadAttributes (258ms)
				ProcessInitializeOnLoadMethodAttributes (27ms)
				AfterProcessingInitializeOnLoad (3ms)
				EditorAssembliesLoaded (0ms)
			ExecutionOrderSort2 (0ms)
			AwakeInstancesAfterBackupRestoration (13ms)
Platform modules already initialized, skipping
Refreshing native plugins compatible for Editor in 2.21 ms, found 3 plugins.
Preloading 0 native plugins for Editor in 0.00 ms.
Unloading 3187 Unused Serialized files (Serialized files now loaded: 0)
Unloading 16 unused Assets / (54.6 KB). Loaded Objects now: 3763.
Memory consumption went from 200.1 MB to 200.1 MB.
Total: 3.787200 ms (FindLiveObjects: 0.380000 ms CreateObjectMapping: 0.211500 ms MarkObjects: 3.102600 ms  DeleteObjects: 0.091500 ms)

AssetImportParameters requested are different than current active one (requested -> active):
  custom:video-decoder-ogg-theora: a1e56fd34408186e4bbccfd4996cb3dc -> 
  custom:container-muxer-webm: aa71ff27fc2769a1b78a27578f13a17b -> 
  custom:container-demuxer-webm: 4f35f7cbe854078d1ac9338744f61a02 -> 
  custom:video-encoder-webm-vp8: eb34c28f22e8b96e1ab97ce403110664 -> 
  custom:audio-encoder-webm-vorbis: bf7c407c2cedff20999df2af8eb42d56 -> 
  custom:framework-win-MediaFoundation: 216162199b28c13a410421893ffa2e32 -> 
  custom:container-demuxer-ogg: 62fdf1f143b41e24485cea50d1cbac27 -> 
  custom:video-decoder-webm-vp8: 9c59270c3fd7afecdb556c50c9e8de78 -> 
  custom:audio-decoder-ogg-vorbis: bf7c407c2cedff20999df2af8eb42d56 -> 
========================================================================
Received Prepare
Registering precompiled user dll's ...
Registered in 0.024011 seconds.
Begin MonoManager ReloadAssembly
Symbol file LoadedFromMemory doesn't match image E:\Videojuegos2\RV\RV\Library\PackageCache\com.unity.visualscripting@1.8.0\Editor\VisualScripting.Core\Dependencies\YamlDotNet\Unity.VisualScripting.YamlDotNet.dll
Symbol file LoadedFromMemory doesn't match image E:\Videojuegos2\RV\RV\Library\PackageCache\com.unity.visualscripting@1.8.0\Editor\VisualScripting.Core\Dependencies\DotNetZip\Unity.VisualScripting.IonicZip.dll
Native extension for WindowsStandalone target not found
Native extension for Android target not found
Refreshing native plugins compatible for Editor in 1.97 ms, found 3 plugins.
Preloading 0 native plugins for Editor in 0.00 ms.
Mono: successfully reloaded assembly
- Completed reload, in  3.778 seconds
Domain Reload Profiling:
	ReloadAssembly (3780ms)
		BeginReloadAssembly (388ms)
			ExecutionOrderSort (0ms)
			DisableScriptedObjects (14ms)
			BackupInstance (0ms)
			ReleaseScriptingObjects (0ms)
			CreateAndSetChildDomain (114ms)
		EndReloadAssembly (3134ms)
			LoadAssemblies (314ms)
			RebuildTransferFunctionScriptingTraits (0ms)
			SetupTypeCache (1343ms)
			ReleaseScriptCaches (2ms)
			RebuildScriptCaches (132ms)
			SetupLoadedEditorAssemblies (1113ms)
				LogAssemblyErrors (0ms)
				InitializePlatformSupportModulesInManaged (98ms)
				SetLoadedEditorAssemblies (1ms)
				RefreshPlugins (2ms)
				BeforeProcessingInitializeOnLoad (254ms)
				ProcessInitializeOnLoadAttributes (696ms)
				ProcessInitializeOnLoadMethodAttributes (52ms)
				AfterProcessingInitializeOnLoad (8ms)
				EditorAssembliesLoaded (1ms)
			ExecutionOrderSort2 (0ms)
			AwakeInstancesAfterBackupRestoration (18ms)
Platform modules already initialized, skipping
Refreshing native plugins compatible for Editor in 3.19 ms, found 3 plugins.
Preloading 0 native plugins for Editor in 0.00 ms.
Unloading 3187 Unused Serialized files (Serialized files now loaded: 0)
Unloading 16 unused Assets / (54.6 KB). Loaded Objects now: 3767.
Memory consumption went from 200.2 MB to 200.1 MB.
Total: 8.912900 ms (FindLiveObjects: 0.579600 ms CreateObjectMapping: 2.251300 ms MarkObjects: 5.967300 ms  DeleteObjects: 0.112900 ms)

AssetImportParameters requested are different than current active one (requested -> active):
  custom:video-decoder-ogg-theora: a1e56fd34408186e4bbccfd4996cb3dc -> 
  custom:container-muxer-webm: aa71ff27fc2769a1b78a27578f13a17b -> 
  custom:container-demuxer-webm: 4f35f7cbe854078d1ac9338744f61a02 -> 
  custom:video-encoder-webm-vp8: eb34c28f22e8b96e1ab97ce403110664 -> 
  custom:audio-encoder-webm-vorbis: bf7c407c2cedff20999df2af8eb42d56 -> 
  custom:framework-win-MediaFoundation: 216162199b28c13a410421893ffa2e32 -> 
  custom:container-demuxer-ogg: 62fdf1f143b41e24485cea50d1cbac27 -> 
  custom:video-decoder-webm-vp8: 9c59270c3fd7afecdb556c50c9e8de78 -> 
  custom:audio-decoder-ogg-vorbis: bf7c407c2cedff20999df2af8eb42d56 -> 
========================================================================
Received Import Request.
  Time since last request: 817.731449 seconds.
  path: Assets/XR/Loaders
  artifactKey: Guid(533cf2d0d6a777847b2b89d550f58496) Importer(815301076,1909f56bfc062723c751e8b465ee728b)
Start importing Assets/XR/Loaders using Guid(533cf2d0d6a777847b2b89d550f58496) Importer(815301076,1909f56bfc062723c751e8b465ee728b)  -> (artifact id: '82384d50266ae23ff7a6cec22ab37d90') in 0.023258 seconds 
========================================================================
Received Import Request.
  Time since last request: 43.212220 seconds.
  path: Assets/Samples/Google Cardboard XR Plugin for Unity/1.20.0/Hello Cardboard/Scenes/HelloCardboard.unity
  artifactKey: Guid(145a2a45d7bc746b19cb68410368bf96) Importer(815301076,1909f56bfc062723c751e8b465ee728b)
Start importing Assets/Samples/Google Cardboard XR Plugin for Unity/1.20.0/Hello Cardboard/Scenes/HelloCardboard.unity using Guid(145a2a45d7bc746b19cb68410368bf96) Importer(815301076,1909f56bfc062723c751e8b465ee728b)  -> (artifact id: '71466651be823085b7b7e36dbfb9eb18') in 0.014006 seconds 
